<?xml version="1.0" encoding="UTF-8"?>
<testng-results ignored="0" total="2" passed="2" failed="0" skipped="0">
  <reporter-output>
  </reporter-output>
  <suite started-at="2024-08-30T17:17:31 IST" name="Suite" finished-at="2024-08-30T17:18:00 IST" duration-ms="29018">
    <groups>
    </groups>
    <test started-at="2024-08-30T17:17:31 IST" name="Test" finished-at="2024-08-30T17:18:00 IST" duration-ms="29018">
      <class name="testcases.CreateNewServiceTerritory">
        <test-method is-config="true" signature="setData()[pri:0, instance:testcases.CreateNewServiceTerritory@67c27493]" started-at="2024-08-30T17:17:31 IST" name="setData" finished-at="2024-08-30T17:17:31 IST" duration-ms="6" status="PASS">
          <reporter-output>
          </reporter-output>
        </test-method> <!-- setData -->
        <test-method is-config="true" signature="preCondition(java.lang.String,java.lang.String)[pri:0, instance:testcases.CreateNewServiceTerritory@67c27493]" started-at="2024-08-30T17:17:32 IST" name="preCondition" finished-at="2024-08-30T17:17:35 IST" duration-ms="2730" status="PASS">
          <params>
            <param index="0">
              <value>
                <![CDATA[chrome]]>
              </value>
            </param>
            <param index="1">
              <value>
                <![CDATA[https://login.salesforce.com]]>
              </value>
            </param>
          </params>
          <reporter-output>
          </reporter-output>
        </test-method> <!-- preCondition -->
        <test-method signature="createServiceTerritory(java.lang.String,java.lang.String,java.lang.String,java.lang.String,java.lang.String)[pri:0, instance:testcases.CreateNewServiceTerritory@67c27493]" started-at="2024-08-30T17:17:35 IST" name="createServiceTerritory" data-provider="fetchData" finished-at="2024-08-30T17:17:46 IST" duration-ms="11094" status="PASS">
          <params>
            <param index="0">
              <value>
                <![CDATA[Ishwarya]]>
              </value>
            </param>
            <param index="1">
              <value>
                <![CDATA[Bengaluru]]>
              </value>
            </param>
            <param index="2">
              <value>
                <![CDATA[Karnataka]]>
              </value>
            </param>
            <param index="3">
              <value>
                <![CDATA[India]]>
              </value>
            </param>
            <param index="4">
              <value>
                <![CDATA[560075]]>
              </value>
            </param>
          </params>
          <reporter-output>
          </reporter-output>
        </test-method> <!-- createServiceTerritory -->
        <test-method is-config="true" signature="postCondition()[pri:0, instance:testcases.CreateNewServiceTerritory@67c27493]" started-at="2024-08-30T17:17:46 IST" name="postCondition" finished-at="2024-08-30T17:17:46 IST" duration-ms="208" status="PASS">
          <reporter-output>
          </reporter-output>
        </test-method> <!-- postCondition -->
        <test-method is-config="true" signature="preCondition(java.lang.String,java.lang.String)[pri:0, instance:testcases.CreateNewServiceTerritory@67c27493]" started-at="2024-08-30T17:17:46 IST" name="preCondition" finished-at="2024-08-30T17:17:48 IST" duration-ms="2175" status="PASS">
          <params>
            <param index="0">
              <value>
                <![CDATA[chrome]]>
              </value>
            </param>
            <param index="1">
              <value>
                <![CDATA[https://login.salesforce.com]]>
              </value>
            </param>
          </params>
          <reporter-output>
          </reporter-output>
        </test-method> <!-- preCondition -->
        <test-method signature="createServiceTerritory(java.lang.String,java.lang.String,java.lang.String,java.lang.String,java.lang.String)[pri:0, instance:testcases.CreateNewServiceTerritory@67c27493]" started-at="2024-08-30T17:17:48 IST" name="createServiceTerritory" data-provider="fetchData" finished-at="2024-08-30T17:18:00 IST" duration-ms="11649" status="PASS">
          <params>
            <param index="0">
              <value>
                <![CDATA[Ishwaryar]]>
              </value>
            </param>
            <param index="1">
              <value>
                <![CDATA[Chennai]]>
              </value>
            </param>
            <param index="2">
              <value>
                <![CDATA[Tamilnadu]]>
              </value>
            </param>
            <param index="3">
              <value>
                <![CDATA[India]]>
              </value>
            </param>
            <param index="4">
              <value>
                <![CDATA[600061]]>
              </value>
            </param>
          </params>
          <reporter-output>
          </reporter-output>
        </test-method> <!-- createServiceTerritory -->
        <test-method is-config="true" signature="postCondition()[pri:0, instance:testcases.CreateNewServiceTerritory@67c27493]" started-at="2024-08-30T17:18:00 IST" name="postCondition" finished-at="2024-08-30T17:18:00 IST" duration-ms="400" status="PASS">
          <reporter-output>
          </reporter-output>
        </test-method> <!-- postCondition -->
      </class> <!-- testcases.CreateNewServiceTerritory -->
    </test> <!-- Test -->
  </suite> <!-- Suite -->
</testng-results>
