<?xml version="1.0" encoding="UTF-8"?>
<testng-results ignored="0" total="1" passed="1" failed="0" skipped="0">
  <reporter-output>
  </reporter-output>
  <suite started-at="2024-08-10T16:59:41 IST" name="Suite" finished-at="2024-08-10T16:59:52 IST" duration-ms="11340">
    <groups>
    </groups>
    <test started-at="2024-08-10T16:59:41 IST" name="Test" finished-at="2024-08-10T16:59:52 IST" duration-ms="11340">
      <class name="testcases.CreateTaskFunctionality">
        <test-method is-config="true" signature="preCondition(java.lang.String,java.lang.String)[pri:0, instance:testcases.CreateTaskFunctionality@12468a38]" started-at="2024-08-10T16:59:41 IST" name="preCondition" finished-at="2024-08-10T16:59:44 IST" duration-ms="2921" status="PASS">
          <params>
            <param index="0">
              <value>
                <![CDATA[chrome]]>
              </value>
            </param>
            <param index="1">
              <value>
                <![CDATA[https://login.salesforce.com]]>
              </value>
            </param>
          </params>
          <reporter-output>
          </reporter-output>
        </test-method> <!-- preCondition -->
        <test-method signature="runCreateTask()[pri:0, instance:testcases.CreateTaskFunctionality@12468a38]" started-at="2024-08-10T16:59:44 IST" name="runCreateTask" finished-at="2024-08-10T16:59:52 IST" duration-ms="8152" status="PASS">
          <reporter-output>
          </reporter-output>
        </test-method> <!-- runCreateTask -->
        <test-method is-config="true" signature="postCondition()[pri:0, instance:testcases.CreateTaskFunctionality@12468a38]" started-at="2024-08-10T16:59:52 IST" name="postCondition" finished-at="2024-08-10T16:59:52 IST" duration-ms="219" status="PASS">
          <reporter-output>
          </reporter-output>
        </test-method> <!-- postCondition -->
      </class> <!-- testcases.CreateTaskFunctionality -->
    </test> <!-- Test -->
  </suite> <!-- Suite -->
</testng-results>
